22:38:27.474 [main] DEBUG testCases.TC001_AccountLogin - Application Logs....
22:38:27.488 [main] INFO  testCases.TC001_AccountLogin - starting TC001
22:38:27.955 [main] INFO  testCases.TC001_AccountLogin - Entered Username
22:38:28.153 [main] INFO  testCases.TC001_AccountLogin - Entered Password
22:38:28.350 [main] INFO  testCases.TC001_AccountLogin - Clicked Login
22:39:46.498 [main] DEBUG testCases.TC001_AccountLogin - Application Logs....
22:39:46.514 [main] INFO  testCases.TC001_AccountLogin - starting TC001
22:39:47.061 [main] INFO  testCases.TC001_AccountLogin - Entered Username
22:39:47.319 [main] INFO  testCases.TC001_AccountLogin - Entered Password
22:39:47.543 [main] INFO  testCases.TC001_AccountLogin - Clicked Login
22:45:37.296 [main] DEBUG testCases.TC001_AccountLogin - Application Logs....
22:45:37.303 [main] INFO  testCases.TC001_AccountLogin - starting TC001
22:45:37.864 [main] INFO  testCases.TC001_AccountLogin - Entered Username
22:45:38.032 [main] INFO  testCases.TC001_AccountLogin - Entered Password
22:45:38.217 [main] INFO  testCases.TC001_AccountLogin - Clicked Login
23:38:42.448 [main] DEBUG testCases.TC001_AccountLogin - Application Logs....
23:38:42.584 [main] INFO  testCases.TC001_AccountLogin - starting TC001
23:38:43.451 [main] INFO  testCases.TC001_AccountLogin - Entered Username
23:38:43.701 [main] INFO  testCases.TC001_AccountLogin - Entered Password
23:38:44.161 [main] INFO  testCases.TC001_AccountLogin - Clicked Login
20:36:35.690 [main] DEBUG testCases.TC001_AccountLogin - Application Logs....
20:36:35.696 [main] INFO  testCases.TC001_AccountLogin - starting TC001
20:36:36.039 [main] INFO  testCases.TC001_AccountLogin - Entered Username
20:36:36.207 [main] INFO  testCases.TC001_AccountLogin - Entered Password
20:36:36.486 [main] INFO  testCases.TC001_AccountLogin - Clicked Login
22:46:34.654 [main] DEBUG testCases.TC001_AccountLogin - Application Logs....
22:46:34.675 [main] INFO  testCases.TC001_AccountLogin - starting TC001
22:46:35.417 [main] INFO  testCases.TC001_AccountLogin - Entered Username
22:46:35.533 [main] INFO  testCases.TC001_AccountLogin - Entered Password
22:46:35.793 [main] INFO  testCases.TC001_AccountLogin - Clicked Login
